<?xml version="1.0" encoding="UTF-8"?>
<coverage generated="1629189421634" clover="3.2.0">
  <project timestamp="1629189421634" name="All files">
    <metrics statements="63" coveredstatements="63" conditionals="4" coveredconditionals="3" methods="20" coveredmethods="20" elements="87" coveredelements="86" complexity="0" loc="63" ncloc="63" packages="5" files="6" classes="6"/>
    <package name="src">
      <metrics statements="3" coveredstatements="3" conditionals="0" coveredconditionals="0" methods="1" coveredmethods="1"/>
      <file name="main.js" path="/Users/joanna/Desktop/dev/sticky-board/src/main.js">
        <metrics statements="3" coveredstatements="3" conditionals="0" coveredconditionals="0" methods="1" coveredmethods="1"/>
        <line num="6" count="9" type="stmt"/>
        <line num="8" count="9" type="stmt"/>
        <line num="11" count="9" type="stmt"/>
      </file>
    </package>
    <package name="src.plugins">
      <metrics statements="1" coveredstatements="1" conditionals="0" coveredconditionals="0" methods="0" coveredmethods="0"/>
      <file name="vuetify.js" path="/Users/joanna/Desktop/dev/sticky-board/src/plugins/vuetify.js">
        <metrics statements="1" coveredstatements="1" conditionals="0" coveredconditionals="0" methods="0" coveredmethods="0"/>
        <line num="4" count="9" type="stmt"/>
      </file>
    </package>
    <package name="src.store">
      <metrics statements="19" coveredstatements="19" conditionals="4" coveredconditionals="3" methods="10" coveredmethods="10"/>
      <file name="index.js" path="/Users/joanna/Desktop/dev/sticky-board/src/store/index.js">
        <metrics statements="19" coveredstatements="19" conditionals="4" coveredconditionals="3" methods="10" coveredmethods="10"/>
        <line num="4" count="9" type="stmt"/>
        <line num="14" count="44" type="stmt"/>
        <line num="17" count="2" type="stmt"/>
        <line num="18" count="2" type="stmt"/>
        <line num="19" count="2" type="stmt"/>
        <line num="20" count="2" type="stmt"/>
        <line num="23" count="37" type="cond" truecount="1" falsecount="1"/>
        <line num="24" count="37" type="cond" truecount="2" falsecount="0"/>
        <line num="25" count="12" type="stmt"/>
        <line num="27" count="25" type="stmt"/>
        <line num="28" count="25" type="stmt"/>
        <line num="32" count="10" type="stmt"/>
        <line num="35" count="6" type="stmt"/>
        <line num="36" count="6" type="stmt"/>
        <line num="37" count="6" type="stmt"/>
        <line num="40" count="21" type="stmt"/>
        <line num="43" count="10" type="stmt"/>
        <line num="44" count="10" type="stmt"/>
        <line num="47" count="1" type="stmt"/>
      </file>
    </package>
    <package name="tests.e2e.specs">
      <metrics statements="40" coveredstatements="40" conditionals="0" coveredconditionals="0" methods="9" coveredmethods="9"/>
      <file name="test.js" path="/Users/joanna/Desktop/dev/sticky-board/tests/e2e/specs/test.js">
        <metrics statements="40" coveredstatements="40" conditionals="0" coveredconditionals="0" methods="9" coveredmethods="9"/>
        <line num="3" count="1" type="stmt"/>
        <line num="4" count="1" type="stmt"/>
        <line num="5" count="1" type="stmt"/>
        <line num="6" count="1" type="stmt"/>
        <line num="8" count="1" type="stmt"/>
        <line num="9" count="1" type="stmt"/>
        <line num="10" count="1" type="stmt"/>
        <line num="11" count="1" type="stmt"/>
        <line num="12" count="1" type="stmt"/>
        <line num="14" count="1" type="stmt"/>
        <line num="15" count="1" type="stmt"/>
        <line num="16" count="1" type="stmt"/>
        <line num="17" count="1" type="stmt"/>
        <line num="19" count="1" type="stmt"/>
        <line num="20" count="1" type="stmt"/>
        <line num="21" count="1" type="stmt"/>
        <line num="22" count="1" type="stmt"/>
        <line num="24" count="1" type="stmt"/>
        <line num="25" count="1" type="stmt"/>
        <line num="26" count="1" type="stmt"/>
        <line num="27" count="1" type="stmt"/>
        <line num="28" count="1" type="stmt"/>
        <line num="30" count="1" type="stmt"/>
        <line num="31" count="1" type="stmt"/>
        <line num="32" count="1" type="stmt"/>
        <line num="33" count="1" type="stmt"/>
        <line num="34" count="1" type="stmt"/>
        <line num="38" count="1" type="stmt"/>
        <line num="39" count="1" type="stmt"/>
        <line num="40" count="1" type="stmt"/>
        <line num="41" count="1" type="stmt"/>
        <line num="45" count="1" type="stmt"/>
        <line num="46" count="1" type="stmt"/>
        <line num="47" count="1" type="stmt"/>
        <line num="48" count="1" type="stmt"/>
        <line num="49" count="1" type="stmt"/>
        <line num="50" count="1" type="stmt"/>
        <line num="51" count="1" type="stmt"/>
        <line num="52" count="1" type="stmt"/>
        <line num="53" count="1" type="stmt"/>
      </file>
    </package>
    <package name="tests.e2e.support">
      <metrics statements="0" coveredstatements="0" conditionals="0" coveredconditionals="0" methods="0" coveredmethods="0"/>
      <file name="commands.js" path="/Users/joanna/Desktop/dev/sticky-board/tests/e2e/support/commands.js">
        <metrics statements="0" coveredstatements="0" conditionals="0" coveredconditionals="0" methods="0" coveredmethods="0"/>
      </file>
      <file name="index.js" path="/Users/joanna/Desktop/dev/sticky-board/tests/e2e/support/index.js">
        <metrics statements="0" coveredstatements="0" conditionals="0" coveredconditionals="0" methods="0" coveredmethods="0"/>
      </file>
    </package>
  </project>
</coverage>
