{"/Users/joanna/Desktop/dev/sticky-board/src/main.js": {"path":"/Users/joanna/Desktop/dev/sticky-board/src/main.js","statementMap":{"0":{"start":{"line":6,"column":0},"end":{"line":6,"column":33}},"1":{"start":{"line":8,"column":0},"end":{"line":12,"column":18}},"2":{"start":{"line":11,"column":17},"end":{"line":11,"column":23}}},"fnMap":{"0":{"name":"(anonymous_0)","decl":{"start":{"line":11,"column":10},"end":{"line":11,"column":11}},"loc":{"start":{"line":11,"column":17},"end":{"line":11,"column":23}},"line":11}},"branchMap":{},"s":{"0":9,"1":9,"2":9},"f":{"0":9},"b":{},"_coverageSchema":"43e27e138ebf9cfc5966b082cf9a028302ed4184","hash":"0c427692741a6a417a88ff09f706435589eb85ba"}
,"/Users/joanna/Desktop/dev/sticky-board/src/plugins/vuetify.js": {"path":"/Users/joanna/Desktop/dev/sticky-board/src/plugins/vuetify.js","statementMap":{"0":{"start":{"line":4,"column":0},"end":{"line":4,"column":17}}},"fnMap":{},"branchMap":{},"s":{"0":9},"f":{},"b":{},"_coverageSchema":"43e27e138ebf9cfc5966b082cf9a028302ed4184","hash":"687fdd2a39aa59911dfa3da6790eac6839b6d7ba"}
,"/Users/joanna/Desktop/dev/sticky-board/src/store/index.js": {"path":"/Users/joanna/Desktop/dev/sticky-board/src/store/index.js","statementMap":{"0":{"start":{"line":4,"column":0},"end":{"line":4,"column":14}},"1":{"start":{"line":14,"column":6},"end":{"line":14,"column":57}},"2":{"start":{"line":17,"column":6},"end":{"line":17,"column":45}},"3":{"start":{"line":18,"column":6},"end":{"line":18,"column":38}},"4":{"start":{"line":19,"column":6},"end":{"line":19,"column":66}},"5":{"start":{"line":19,"column":41},"end":{"line":19,"column":64}},"6":{"start":{"line":20,"column":6},"end":{"line":20,"column":71}},"7":{"start":{"line":23,"column":6},"end":{"line":23,"column":49}},"8":{"start":{"line":23,"column":42},"end":{"line":23,"column":49}},"9":{"start":{"line":24,"column":6},"end":{"line":29,"column":7}},"10":{"start":{"line":25,"column":8},"end":{"line":25,"column":46}},"11":{"start":{"line":27,"column":8},"end":{"line":27,"column":64}},"12":{"start":{"line":27,"column":39},"end":{"line":27,"column":62}},"13":{"start":{"line":28,"column":8},"end":{"line":28,"column":73}},"14":{"start":{"line":32,"column":6},"end":{"line":32,"column":38}},"15":{"start":{"line":35,"column":6},"end":{"line":35,"column":60}},"16":{"start":{"line":36,"column":6},"end":{"line":36,"column":62}},"17":{"start":{"line":37,"column":6},"end":{"line":37,"column":71}},"18":{"start":{"line":40,"column":6},"end":{"line":40,"column":43}},"19":{"start":{"line":43,"column":6},"end":{"line":43,"column":34}},"20":{"start":{"line":44,"column":6},"end":{"line":44,"column":71}},"21":{"start":{"line":47,"column":6},"end":{"line":47,"column":68}}},"fnMap":{"0":{"name":"(anonymous_0)","decl":{"start":{"line":13,"column":4},"end":{"line":13,"column":5}},"loc":{"start":{"line":13,"column":31},"end":{"line":15,"column":5}},"line":13},"1":{"name":"(anonymous_1)","decl":{"start":{"line":16,"column":4},"end":{"line":16,"column":5}},"loc":{"start":{"line":16,"column":31},"end":{"line":21,"column":5}},"line":16},"2":{"name":"(anonymous_2)","decl":{"start":{"line":19,"column":29},"end":{"line":19,"column":30}},"loc":{"start":{"line":19,"column":41},"end":{"line":19,"column":64}},"line":19},"3":{"name":"(anonymous_3)","decl":{"start":{"line":22,"column":4},"end":{"line":22,"column":5}},"loc":{"start":{"line":22,"column":39},"end":{"line":30,"column":5}},"line":22},"4":{"name":"(anonymous_4)","decl":{"start":{"line":27,"column":27},"end":{"line":27,"column":28}},"loc":{"start":{"line":27,"column":39},"end":{"line":27,"column":62}},"line":27},"5":{"name":"(anonymous_5)","decl":{"start":{"line":31,"column":4},"end":{"line":31,"column":5}},"loc":{"start":{"line":31,"column":26},"end":{"line":33,"column":5}},"line":31},"6":{"name":"(anonymous_6)","decl":{"start":{"line":34,"column":4},"end":{"line":34,"column":5}},"loc":{"start":{"line":34,"column":31},"end":{"line":38,"column":5}},"line":34},"7":{"name":"(anonymous_7)","decl":{"start":{"line":39,"column":4},"end":{"line":39,"column":5}},"loc":{"start":{"line":39,"column":24},"end":{"line":41,"column":5}},"line":39},"8":{"name":"(anonymous_8)","decl":{"start":{"line":42,"column":4},"end":{"line":42,"column":5}},"loc":{"start":{"line":42,"column":29},"end":{"line":45,"column":5}},"line":42},"9":{"name":"(anonymous_9)","decl":{"start":{"line":46,"column":4},"end":{"line":46,"column":5}},"loc":{"start":{"line":46,"column":40},"end":{"line":48,"column":5}},"line":46}},"branchMap":{"0":{"loc":{"start":{"line":23,"column":6},"end":{"line":23,"column":49}},"type":"if","locations":[{"start":{"line":23,"column":6},"end":{"line":23,"column":49}},{"start":{"line":23,"column":6},"end":{"line":23,"column":49}}],"line":23},"1":{"loc":{"start":{"line":24,"column":6},"end":{"line":29,"column":7}},"type":"if","locations":[{"start":{"line":24,"column":6},"end":{"line":29,"column":7}},{"start":{"line":24,"column":6},"end":{"line":29,"column":7}}],"line":24}},"s":{"0":9,"1":44,"2":2,"3":2,"4":2,"5":2,"6":2,"7":37,"8":0,"9":37,"10":12,"11":25,"12":22,"13":25,"14":10,"15":6,"16":6,"17":6,"18":21,"19":10,"20":10,"21":1},"f":{"0":44,"1":2,"2":2,"3":37,"4":22,"5":10,"6":6,"7":21,"8":10,"9":1},"b":{"0":[0,37],"1":[12,25]},"_coverageSchema":"43e27e138ebf9cfc5966b082cf9a028302ed4184","hash":"13e38f671816605c07f58d1f97a63f2114a73123"}
,"/Users/joanna/Desktop/dev/sticky-board/tests/e2e/specs/test.js": {"path":"/Users/joanna/Desktop/dev/sticky-board/tests/e2e/specs/test.js","statementMap":{"0":{"start":{"line":3,"column":0},"end":{"line":57,"column":2}},"1":{"start":{"line":4,"column":2},"end":{"line":7,"column":4}},"2":{"start":{"line":5,"column":4},"end":{"line":5,"column":17}},"3":{"start":{"line":6,"column":4},"end":{"line":6,"column":56}},"4":{"start":{"line":8,"column":2},"end":{"line":13,"column":4}},"5":{"start":{"line":9,"column":4},"end":{"line":9,"column":46}},"6":{"start":{"line":10,"column":4},"end":{"line":10,"column":56}},"7":{"start":{"line":11,"column":4},"end":{"line":11,"column":54}},"8":{"start":{"line":12,"column":4},"end":{"line":12,"column":54}},"9":{"start":{"line":14,"column":2},"end":{"line":18,"column":4}},"10":{"start":{"line":15,"column":4},"end":{"line":15,"column":42}},"11":{"start":{"line":16,"column":4},"end":{"line":16,"column":51}},"12":{"start":{"line":17,"column":4},"end":{"line":17,"column":72}},"13":{"start":{"line":19,"column":2},"end":{"line":23,"column":4}},"14":{"start":{"line":20,"column":25},"end":{"line":20,"column":41}},"15":{"start":{"line":21,"column":4},"end":{"line":21,"column":40}},"16":{"start":{"line":22,"column":4},"end":{"line":22,"column":102}},"17":{"start":{"line":24,"column":2},"end":{"line":29,"column":4}},"18":{"start":{"line":25,"column":4},"end":{"line":25,"column":38}},"19":{"start":{"line":26,"column":4},"end":{"line":26,"column":60}},"20":{"start":{"line":27,"column":4},"end":{"line":27,"column":46}},"21":{"start":{"line":28,"column":4},"end":{"line":28,"column":53}},"22":{"start":{"line":30,"column":2},"end":{"line":37,"column":4}},"23":{"start":{"line":31,"column":4},"end":{"line":31,"column":46}},"24":{"start":{"line":32,"column":4},"end":{"line":32,"column":55}},"25":{"start":{"line":33,"column":4},"end":{"line":33,"column":42}},"26":{"start":{"line":34,"column":4},"end":{"line":36,"column":23}},"27":{"start":{"line":38,"column":2},"end":{"line":44,"column":4}},"28":{"start":{"line":39,"column":4},"end":{"line":39,"column":45}},"29":{"start":{"line":40,"column":4},"end":{"line":40,"column":39}},"30":{"start":{"line":41,"column":4},"end":{"line":43,"column":23}},"31":{"start":{"line":45,"column":2},"end":{"line":56,"column":4}},"32":{"start":{"line":46,"column":4},"end":{"line":46,"column":46}},"33":{"start":{"line":47,"column":4},"end":{"line":47,"column":60}},"34":{"start":{"line":48,"column":4},"end":{"line":48,"column":42}},"35":{"start":{"line":49,"column":25},"end":{"line":49,"column":41}},"36":{"start":{"line":50,"column":4},"end":{"line":50,"column":40}},"37":{"start":{"line":51,"column":4},"end":{"line":51,"column":102}},"38":{"start":{"line":52,"column":4},"end":{"line":52,"column":16}},"39":{"start":{"line":53,"column":4},"end":{"line":55,"column":23}}},"fnMap":{"0":{"name":"(anonymous_0)","decl":{"start":{"line":3,"column":58},"end":{"line":3,"column":59}},"loc":{"start":{"line":3,"column":64},"end":{"line":57,"column":1}},"line":3},"1":{"name":"(anonymous_1)","decl":{"start":{"line":4,"column":64},"end":{"line":4,"column":65}},"loc":{"start":{"line":4,"column":70},"end":{"line":7,"column":3}},"line":4},"2":{"name":"(anonymous_2)","decl":{"start":{"line":8,"column":58},"end":{"line":8,"column":59}},"loc":{"start":{"line":8,"column":64},"end":{"line":13,"column":3}},"line":8},"3":{"name":"(anonymous_3)","decl":{"start":{"line":14,"column":28},"end":{"line":14,"column":29}},"loc":{"start":{"line":14,"column":34},"end":{"line":18,"column":3}},"line":14},"4":{"name":"(anonymous_4)","decl":{"start":{"line":19,"column":35},"end":{"line":19,"column":36}},"loc":{"start":{"line":19,"column":41},"end":{"line":23,"column":3}},"line":19},"5":{"name":"(anonymous_5)","decl":{"start":{"line":24,"column":23},"end":{"line":24,"column":24}},"loc":{"start":{"line":24,"column":29},"end":{"line":29,"column":3}},"line":24},"6":{"name":"(anonymous_6)","decl":{"start":{"line":30,"column":27},"end":{"line":30,"column":28}},"loc":{"start":{"line":30,"column":33},"end":{"line":37,"column":3}},"line":30},"7":{"name":"(anonymous_7)","decl":{"start":{"line":38,"column":30},"end":{"line":38,"column":31}},"loc":{"start":{"line":38,"column":36},"end":{"line":44,"column":3}},"line":38},"8":{"name":"(anonymous_8)","decl":{"start":{"line":45,"column":28},"end":{"line":45,"column":29}},"loc":{"start":{"line":45,"column":34},"end":{"line":56,"column":3}},"line":45}},"branchMap":{},"s":{"0":1,"1":1,"2":1,"3":1,"4":1,"5":1,"6":1,"7":1,"8":1,"9":1,"10":1,"11":1,"12":1,"13":1,"14":1,"15":1,"16":1,"17":1,"18":1,"19":1,"20":1,"21":1,"22":1,"23":1,"24":1,"25":1,"26":1,"27":1,"28":1,"29":1,"30":1,"31":1,"32":1,"33":1,"34":1,"35":1,"36":1,"37":1,"38":1,"39":1},"f":{"0":1,"1":1,"2":1,"3":1,"4":1,"5":1,"6":1,"7":1,"8":1},"b":{},"_coverageSchema":"43e27e138ebf9cfc5966b082cf9a028302ed4184","hash":"fafdd29efca40bba22277c00efd88de8f101a8e5"}
,"/Users/joanna/Desktop/dev/sticky-board/tests/e2e/support/commands.js": {"path":"/Users/joanna/Desktop/dev/sticky-board/tests/e2e/support/commands.js","statementMap":{},"fnMap":{},"branchMap":{},"s":{},"f":{},"b":{},"_coverageSchema":"43e27e138ebf9cfc5966b082cf9a028302ed4184","hash":"7f8c93b587644b842aa403b44775945cf7f0e841"}
,"/Users/joanna/Desktop/dev/sticky-board/tests/e2e/support/index.js": {"path":"/Users/joanna/Desktop/dev/sticky-board/tests/e2e/support/index.js","statementMap":{},"fnMap":{},"branchMap":{},"s":{},"f":{},"b":{},"_coverageSchema":"43e27e138ebf9cfc5966b082cf9a028302ed4184","hash":"eea1acf023a0881d7941fc33e2aae31a57559b93"}
}
